<?xml version="1.0" encoding="UTF-8"?>
<testsuite xmlns:xsi="http://www.w3.org/2001/XMLSchema-instance" xsi:noNamespaceSchemaLocation="https://maven.apache.org/surefire/maven-surefire-plugin/xsd/surefire-test-report-3.0.xsd" version="3.0" name="es.file.json.TributoServiceTest" time="0.752" tests="14" errors="0" skipped="0" failures="0">
  <properties>
[...]
</properties>
  <testcase name="searchTributoByIdTest" classname="es.file.json.TributoServiceTest" time="0.571"/>
  <testcase name="addTributoNullTest" classname="es.file.json.TributoServiceTest" time="0.015"/>
  <testcase name="searchListTributosRangeEmptyTest" classname="es.file.json.TributoServiceTest" time="0.014"/>
  <testcase name="searchListTributosRangeExistTest" classname="es.file.json.TributoServiceTest" time="0.017"/>
  <testcase name="getListaTributos" classname="es.file.json.TributoServiceTest" time="0.012"/>
  <testcase name="searchTributoByIdNotExistTest" classname="es.file.json.TributoServiceTest" time="0.01"/>
  <testcase name="searchTributoDeleteNotExistTest" classname="es.file.json.TributoServiceTest" time="0.018"/>
  <testcase name="addTributoTest" classname="es.file.json.TributoServiceTest" time="0.012"/>
  <testcase name="searchListTributosRangeEmpty2Test" classname="es.file.json.TributoServiceTest" time="0.01"/>
  <testcase name="searchTributoByIdNegativoTest" classname="es.file.json.TributoServiceTest" time="0.008"/>
  <testcase name="searchListTributosRangeNull2Test" classname="es.file.json.TributoServiceTest" time="0.007"/>
  <testcase name="addTributoExistTest" classname="es.file.json.TributoServiceTest" time="0.006"/>
  <testcase name="searchListTributosRangeNullTest" classname="es.file.json.TributoServiceTest" time="0.012"/>
  <testcase name="tributoNoEqualsTest" classname="es.file.json.TributoServiceTest" time="0.009"/>
</testsuite>