-------------------------------------------------------------------------------
Test set: Ejercicio8Test
-------------------------------------------------------------------------------
Tests run: 5, Failures: 0, Errors: 5, Skipped: 0, Time elapsed: 0.013 s <<< FAILURE! -- in Ejercicio8Test
Ejercicio8Test.testBuscarPorNombre_CasoNombreDuplicado -- Time elapsed: 0.002 s <<< ERROR!
java.lang.NullPointerException: Cannot invoke "java.util.List.size()" because "resultado" is null
	at Ejercicio8Test.testBuscarPorNombre_CasoNombreDuplicado(Ejercicio8Test.java:35)
	at java.base/java.lang.reflect.Method.invoke(Method.java:568)
	at java.base/java.util.ArrayList.forEach(ArrayList.java:1511)
	at java.base/java.util.ArrayList.forEach(ArrayList.java:1511)

Ejercicio8Test.testBuscarPorNombre_CasoNombreExistente -- Time elapsed: 0.001 s <<< ERROR!
java.lang.NullPointerException: Cannot invoke "java.util.List.size()" because "resultado" is null
	at Ejercicio8Test.testBuscarPorNombre_CasoNombreExistente(Ejercicio8Test.java:22)
	at java.base/java.lang.reflect.Method.invoke(Method.java:568)
	at java.base/java.util.ArrayList.forEach(ArrayList.java:1511)
	at java.base/java.util.ArrayList.forEach(ArrayList.java:1511)

Ejercicio8Test.testBuscarPorNombre_CasoCaseInsensitive -- Time elapsed: 0.002 s <<< ERROR!
java.lang.NullPointerException: Cannot invoke "java.util.List.size()" because "resultado" is null
	at Ejercicio8Test.testBuscarPorNombre_CasoCaseInsensitive(Ejercicio8Test.java:58)
	at java.base/java.lang.reflect.Method.invoke(Method.java:568)
	at java.base/java.util.ArrayList.forEach(ArrayList.java:1511)
	at java.base/java.util.ArrayList.forEach(ArrayList.java:1511)

Ejercicio8Test.testBuscarPorNombre_CasoListaVacia -- Time elapsed: 0.002 s <<< ERROR!
java.lang.NullPointerException: Cannot invoke "java.util.List.size()" because "resultado" is null
	at Ejercicio8Test.testBuscarPorNombre_CasoListaVacia(Ejercicio8Test.java:68)
	at java.base/java.lang.reflect.Method.invoke(Method.java:568)
	at java.base/java.util.ArrayList.forEach(ArrayList.java:1511)
	at java.base/java.util.ArrayList.forEach(ArrayList.java:1511)

Ejercicio8Test.testBuscarPorNombre_CasoNoExistente -- Time elapsed: 0.001 s <<< ERROR!
java.lang.NullPointerException: Cannot invoke "java.util.List.size()" because "resultado" is null
	at Ejercicio8Test.testBuscarPorNombre_CasoNoExistente(Ejercicio8Test.java:47)
	at java.base/java.lang.reflect.Method.invoke(Method.java:568)
	at java.base/java.util.ArrayList.forEach(ArrayList.java:1511)
	at java.base/java.util.ArrayList.forEach(ArrayList.java:1511)

