-------------------------------------------------------------------------------
Test set: Ejercicio5Test
-------------------------------------------------------------------------------
Tests run: 4, Failures: 0, Errors: 4, Skipped: 0, Time elapsed: 0.009 s <<< FAILURE! -- in Ejercicio5Test
Ejercicio5Test.testObtenerCriaturas -- Time elapsed: 0.001 s <<< ERROR!
java.lang.NullPointerException: Cannot invoke "java.util.List.size()" because the return value of "es.ies.puerto.fichero.examen.GestionCriaturas.obtenerCriaturas()" is null
	at Ejercicio5Test.testObtenerCriaturas(Ejercicio5Test.java:17)
	at java.base/java.lang.reflect.Method.invoke(Method.java:568)
	at java.base/java.util.ArrayList.forEach(ArrayList.java:1511)
	at java.base/java.util.ArrayList.forEach(ArrayList.java:1511)

Ejercicio5Test.testObtenerSoloUnElemento -- Time elapsed: 0.001 s <<< ERROR!
java.lang.NullPointerException: Cannot invoke "java.util.List.size()" because the return value of "es.ies.puerto.fichero.examen.GestionCriaturas.obtenerCriaturas()" is null
	at Ejercicio5Test.testObtenerSoloUnElemento(Ejercicio5Test.java:29)
	at java.base/java.lang.reflect.Method.invoke(Method.java:568)
	at java.base/java.util.ArrayList.forEach(ArrayList.java:1511)
	at java.base/java.util.ArrayList.forEach(ArrayList.java:1511)

Ejercicio5Test.testObtenerElementosDespuesDeBorrar -- Time elapsed: 0.001 s <<< ERROR!
java.lang.NullPointerException: Cannot invoke "java.util.List.size()" because the return value of "es.ies.puerto.fichero.examen.GestionCriaturas.obtenerCriaturas()" is null
	at Ejercicio5Test.testObtenerElementosDespuesDeBorrar(Ejercicio5Test.java:39)
	at java.base/java.lang.reflect.Method.invoke(Method.java:568)
	at java.base/java.util.ArrayList.forEach(ArrayList.java:1511)
	at java.base/java.util.ArrayList.forEach(ArrayList.java:1511)

Ejercicio5Test.testObtenerListaVacia -- Time elapsed: 0.002 s <<< ERROR!
java.lang.NullPointerException: Cannot invoke "java.util.List.size()" because the return value of "es.ies.puerto.fichero.examen.GestionCriaturas.obtenerCriaturas()" is null
	at Ejercicio5Test.testObtenerListaVacia(Ejercicio5Test.java:22)
	at java.base/java.lang.reflect.Method.invoke(Method.java:568)
	at java.base/java.util.ArrayList.forEach(ArrayList.java:1511)
	at java.base/java.util.ArrayList.forEach(ArrayList.java:1511)

