-------------------------------------------------------------------------------
Test set: Ejercicio6Test
-------------------------------------------------------------------------------
Tests run: 3, Failures: 0, Errors: 1, Skipped: 0, Time elapsed: 0.077 s <<< FAILURE! -- in Ejercicio6Test
Ejercicio6Test.testModificarCriatura -- Time elapsed: 0.006 s <<< ERROR!
java.lang.NullPointerException: Cannot invoke "es.ies.puerto.Criatura.getNombre()" because "modificada" is null
	at Ejercicio6Test.testModificarCriatura(Ejercicio6Test.java:19)
	at java.base/java.lang.reflect.Method.invoke(Method.java:568)
	at java.base/java.util.ArrayList.forEach(ArrayList.java:1511)
	at java.base/java.util.ArrayList.forEach(ArrayList.java:1511)

